<?xml version="1.0" encoding="UTF-8"?>
<!-- Generated by org.testng.reporters.JUnitReportReporter -->
<testsuite hostname="DESKTOP-B754HKD" failures="0" tests="1" name="SeleniumFramework.SampleTest" time="0.008" errors="0" timestamp="2022-07-08T23:45:44 EDT" skipped="0">
  <testcase classname="SeleniumFramework.SampleTest" name="f" time="0.008"/>
  <system-out/>
</testsuite> <!-- SeleniumFramework.SampleTest -->
