<?xml version="1.0" encoding="UTF-8"?>
<!-- Generated by org.testng.reporters.JUnitReportReporter -->
<testsuite hostname="DESKTOP-B754HKD" failures="0" tests="1" name="com.nuna.tests.TranslateTest" time="36.102" errors="0" timestamp="2022-07-10T16:02:22 EDT" skipped="0">
  <testcase classname="com.nuna.tests.TranslateTest" name="translateTest" time="36.102"/>
  <system-out/>
</testsuite> <!-- com.nuna.tests.TranslateTest -->
