<?xml version="1.0" encoding="UTF-8"?>
<!-- Generated by org.testng.reporters.JUnitReportReporter -->
<testsuite hostname="DESKTOP-B754HKD" failures="0" tests="1" name="com.nuna.tests.TranslateTest" time="37.063" errors="0" timestamp="2022-07-10T17:04:46 EDT" skipped="0">
  <testcase classname="com.nuna.tests.TranslateTest" name="translateTest" time="37.063"/>
  <system-out/>
</testsuite> <!-- com.nuna.tests.TranslateTest -->
