<?xml version="1.0" encoding="UTF-8"?>
<!-- Generated by org.testng.reporters.JUnitReportReporter -->
<testsuite hostname="DESKTOP-B754HKD" failures="0" tests="2" name="com.nuna.tests.TranslateTest" time="38.710" errors="0" timestamp="2022-07-10T19:54:50 EDT" skipped="0">
  <testcase classname="com.nuna.tests.TranslateTest" name="translateTest" time="36.245"/>
  <system-out/>
  <testcase classname="com.nuna.tests.TranslateTest" name="onScreenKeyboardTest" time="2.465"/>
  <system-out/>
</testsuite> <!-- com.nuna.tests.TranslateTest -->
