<?xml version="1.0" encoding="UTF-8"?>
<!-- Generated by org.testng.reporters.JUnitReportReporter -->
<testsuite hostname="DESKTOP-B754HKD" failures="0" tests="2" name="com.nuna.tests.TranslateTest" time="25.245" errors="0" timestamp="2022-07-21T19:40:43 EDT" skipped="0">
  <testcase classname="com.nuna.tests.TranslateTest" name="translateTest" time="20.275"/>
  <system-out>
    <![CDATA[***** Test Starts ***** ]]>
  </system-out>
  <testcase classname="com.nuna.tests.TranslateTest" name="onScreenKeyboardTest" time="4.970"/>
  <system-out/>
</testsuite> <!-- com.nuna.tests.TranslateTest -->
